[15804:0318/175136.138221:INFO:third_party/webrtc/rtc_base/cpu_info.cc:75] Available number of cores: 4
[15804:0318/175136.139629:VERBOSE1:content/zygote/zygote_main_linux.cc:201] ZygoteMain: initializing 0 fork delegates
[15805:0318/175136.144680:INFO:third_party/webrtc/rtc_base/cpu_info.cc:75] Available number of cores: 4
[15805:0318/175136.145716:VERBOSE1:content/zygote/zygote_main_linux.cc:201] ZygoteMain: initializing 0 fork delegates
[15794:0318/175136.158675:VERBOSE1:dbus/bus.cc:918] Method call: message_type: MESSAGE_METHOD_CALL
interface: org.freedesktop.DBus
member: GetNameOwner
signature: s

string "org.freedesktop.login1"

[15794:0318/175136.189505:WARNING:electron/shell/common/node_bindings.cc:500] NODE_OPTIONS ignored due to disabled nodeOptions fuse.
2026-03-18 22:51:37 Loaded updated app package /home/wtyler/.config/obsidian/obsidian-1.12.6.asar
[15794:0318/175137.948687:VERBOSE1:components/os_crypt/sync/key_storage_util_linux.cc:46] Password storage detected desktop environment: CINNAMON
[15794:0318/175137.979193:VERBOSE1:components/device_event_log/device_event_log_impl.cc:200] [17:51:37.955] Display: EVENT: x11_display_manager.cc:110 Displays updated, count: 2
[15794:0318/175137.979531:VERBOSE1:components/device_event_log/device_event_log_impl.cc:200] [17:51:37.979] Display: EVENT: x11_display_manager.cc:112 Display[1881264395124818] bounds=[554,900 1366x768], workarea=[554,900 1366x768], scale=1, rotation=0, panel_rotation=0 internal detected
[15794:0318/175137.979778:VERBOSE1:components/device_event_log/device_event_log_impl.cc:200] [17:51:37.979] Display: EVENT: x11_display_manager.cc:112 Display[21442559853606484] bounds=[0,0 1600x900], workarea=[0,0 1600x900], scale=1, rotation=0, panel_rotation=0 external detected
[15794:0318/175137.982603:VERBOSE1:net/proxy_resolution/proxy_config_service_linux.cc:500] Will get proxy config from gsettings.
[15794:0318/175137.983284:VERBOSE1:net/proxy_resolution/proxy_config_service_linux.cc:1307] Obtained proxy settings from annotation hash code 11258689
[15794:0318/175137.983396:VERBOSE1:components/proxy_config/pref_proxy_config_tracker_impl.cc:199] 0x375400405e00: set chrome proxy config service to 0x37540007cac0
[15794:0318/175137.989889:VERBOSE1:content/browser/renderer_host/media/media_stream_manager.cc:1555] MSM::InitializeMaybeAsync([this=0x375400473580])
[15794:0318/175137.990199:VERBOSE1:content/browser/renderer_host/media/media_stream_manager.cc:1555] MDM::MediaDevicesManager()
[15794:0318/175137.990275:VERBOSE1:content/browser/renderer_host/media/media_stream_manager.cc:1555] MSM::MediaStreamManager([this=0x375400473580]))
[15794:0318/175137.996143:VERBOSE1:dbus/bus.cc:918] Method call: message_type: MESSAGE_METHOD_CALL
interface: org.freedesktop.DBus
member: GetNameOwner
signature: s

string "org.chromium.bluetooth.Manager"

[15794:0318/175138.079463:VERBOSE1:components/os_crypt/sync/key_storage_util_linux.cc:46] Password storage detected desktop environment: CINNAMON
[15794:0318/175138.079571:VERBOSE1:components/os_crypt/sync/key_storage_linux.cc:116] Selected backend for OSCrypt: GNOME_LIBSECRET
[15794:0318/175138.226566:VERBOSE1:components/os_crypt/sync/key_storage_linux.cc:163] OSCrypt using Libsecret as backend.
[15794:0318/175138.292345:VERBOSE1:components/os_crypt/sync/key_storage_libsecret.cc:53] Libsecret key created: 2026-03-17 20:59:57.000000 UTC
[15794:0318/175138.292471:VERBOSE1:components/os_crypt/sync/key_storage_libsecret.cc:54] Libsecret key last modified: 2026-03-17 20:59:57.000000 UTC
[15794:0318/175138.295169:VERBOSE1:net/proxy_resolution/proxy_config_service_linux.cc:500] Will get proxy config from gsettings.
[15794:0318/175138.295490:VERBOSE1:net/proxy_resolution/proxy_config_service_linux.cc:1307] Obtained proxy settings from annotation hash code 11258689
[15794:0318/175138.295584:VERBOSE1:components/proxy_config/pref_proxy_config_tracker_impl.cc:199] 0x375400409d00: set chrome proxy config service to 0x375400080060
[15794:0318/175138.300485:VERBOSE1:components/device_event_log/device_event_log_impl.cc:200] [17:51:38.299] Bluetooth: EVENT: bluetooth_api.cc:82 BluetoothAPI: 0x3754000d0640
[15794:0318/175138.403765:VERBOSE1:dbus/bus.cc:722] Requested to remove an unknown filter function: 1 with associated data: 0x375400e77f00
[15794:0318/175138.406661:WARNING:electron/shell/browser/ui/accelerator_util.cc:65]  doesn't contain a valid key
[15794:0318/175138.406877:WARNING:electron/shell/browser/ui/accelerator_util.cc:65]  doesn't contain a valid key
2026-03-18 22:51:38 Checking for update using Github
[15794:0318/175138.580565:VERBOSE1:content/browser/first_party_sets/first_party_sets_handler_impl_instance.cc:277] Empty path. Failed initializing First-Party Sets database.
[15794:0318/175138.600645:VERBOSE1:base/files/file_util_posix.cc:317] Cannot stat "/home/wtyler/.config/obsidian/databases": No such file or directory (2)
[15896:0318/175138.653536:VERBOSE1:net/base/network_delegate.cc:37] NetworkDelegate::NotifyBeforeURLRequest: https://releases.obsidian.md/desktop?id=d6255d814dd40ebae6c8dbea7633bcae&v=1.12.6&p=linux
[15794:0318/175138.655347:VERBOSE1:net/proxy_resolution/proxy_config_service_linux.cc:1413] Detected no-op change to proxy settings. Doing nothing.
[15794:0318/175138.655556:VERBOSE1:net/proxy_resolution/proxy_config_service_linux.cc:1413] Detected no-op change to proxy settings. Doing nothing.
[15896:0318/175138.667047:VERBOSE1:net/base/network_delegate.cc:37] NetworkDelegate::NotifyBeforeURLRequest: https://raw.githubusercontent.com/obsidianmd/obsidian-releases/master/desktop-releases.json
[15794:0318/175138.680335:VERBOSE1:dbus/bus.cc:918] Method call: message_type: MESSAGE_METHOD_CALL
interface: org.freedesktop.DBus
member: GetNameOwner
signature: s

string "org.freedesktop.systemd1"

[15896:0318/175138.702361:VERBOSE1:base/files/file_util_posix.cc:317] Cannot stat "/home/wtyler/.config/obsidian/Cache/Cache_Data/7c00ae1469a45d0e_1": No such file or directory (2)
[15896:0318/175138.702772:VERBOSE1:base/files/file_util_posix.cc:317] Cannot stat "/home/wtyler/.config/obsidian/Cache/Cache_Data/7c00ae1469a45d0e_s": No such file or directory (2)
[15794:0318/175138.718707:VERBOSE1:electron/shell/browser/ui/file_dialog_linux_portal.cc:114] Unable to parse --xdg-portal-required-version
[15794:0318/175138.724277:VERBOSE1:dbus/bus.cc:918] Method call: message_type: MESSAGE_METHOD_CALL
interface: org.freedesktop.DBus
member: GetNameOwner
signature: s

string "org.freedesktop.portal.Desktop"

[15892:0318/175138.727543:WARNING:sandbox/policy/linux/sandbox_linux.cc:404] InitializeSandbox() called with multiple threads in process gpu-process.
[15892:0318/175138.732074:VERBOSE1:components/viz/service/main/viz_main_impl.cc:86] VizNullHypothesis is disabled (not a warning)
[15794:0318/175138.751059:VERBOSE1:electron/shell/browser/ui/file_dialog_linux_portal.cc:95] File chooser portal available: yes
[15794:0318/175138.751184:VERBOSE1:dbus/bus.cc:722] Requested to remove an unknown filter function: 1 with associated data: 0x3754000c0000
[15794:0318/175138.751220:VERBOSE1:dbus/bus.cc:722] Requested to remove an unknown filter function: 1 with associated data: 0x375401c98460
[15913:0318/175138.806716:INFO:third_party/webrtc/rtc_base/cpu_info.cc:75] Available number of cores: 4
[15913:0318/175138.962063:VERBOSE1:extensions/renderer/script_context.cc:150] Created context:
  extension id:           (none)
  frame:                  0x1dc40044fd70
  URL:                    
  context_type:           WEB_PAGE
  effective extension id: (none)
  effective context type: WEB_PAGE
[15913:0318/175138.964988:VERBOSE1:extensions/renderer/script_context.cc:150] Created context:
  extension id:           (none)
  frame:                  (nil)
  URL:                    
  context_type:           UNSPECIFIED
  effective extension id: (none)
  effective context type: UNSPECIFIED
[15913:0318/175138.965510:VERBOSE1:extensions/renderer/dispatcher.cc:578] Num tracked contexts: 1
2026-03-18 22:51:40 Success.
2026-03-18 22:51:40 Latest version is 1.12.6 (insider)
2026-03-18 22:51:40 App is up to date.
[15794:0318/175140.985728:ERROR:base/nix/mime_util_xdg.cc:139] Invalid mime.cache file does not contain null prior to ALIAS_LIST_OFFSET=44
[15794:0318/175141.175665:INFO:CONSOLE:1] "%cObsidian Developer Console color:#7f6df2; font-size:40px; font-weight:bold;", source: app://obsidian.md/app.js (1)
