[11596:0318/172230.961823:INFO:third_party/webrtc/rtc_base/cpu_info.cc:75] Available number of cores: 4
[11596:0318/172230.968310:VERBOSE1:content/zygote/zygote_main_linux.cc:201] ZygoteMain: initializing 0 fork delegates
[11597:0318/172231.143895:INFO:third_party/webrtc/rtc_base/cpu_info.cc:75] Available number of cores: 4
[11597:0318/172231.146385:VERBOSE1:content/zygote/zygote_main_linux.cc:201] ZygoteMain: initializing 0 fork delegates
[11591:0318/172231.168119:VERBOSE1:dbus/bus.cc:918] Method call: message_type: MESSAGE_METHOD_CALL
interface: org.freedesktop.DBus
member: GetNameOwner
signature: s

string "org.freedesktop.login1"

[11591:0318/172231.214384:WARNING:electron/shell/common/node_bindings.cc:500] NODE_OPTIONS ignored due to disabled nodeOptions fuse.
2026-03-18 22:22:33 Loaded updated app package /home/wtyler/.config/obsidian/obsidian-1.12.6.asar
[11591:0318/172235.390277:VERBOSE1:components/os_crypt/sync/key_storage_util_linux.cc:46] Password storage detected desktop environment: CINNAMON
[11591:0318/172235.468999:VERBOSE1:components/device_event_log/device_event_log_impl.cc:200] [17:22:35.405] Display: EVENT: x11_display_manager.cc:110 Displays updated, count: 2
[11591:0318/172235.469861:VERBOSE1:components/device_event_log/device_event_log_impl.cc:200] [17:22:35.469] Display: EVENT: x11_display_manager.cc:112 Display[1881264395124818] bounds=[554,900 1366x768], workarea=[554,900 1366x768], scale=1, rotation=0, panel_rotation=0 internal detected
[11591:0318/172235.470363:VERBOSE1:components/device_event_log/device_event_log_impl.cc:200] [17:22:35.470] Display: EVENT: x11_display_manager.cc:112 Display[21442559853606484] bounds=[0,0 1600x900], workarea=[0,0 1600x900], scale=1, rotation=0, panel_rotation=0 external detected
[11591:0318/172235.474233:VERBOSE1:net/proxy_resolution/proxy_config_service_linux.cc:500] Will get proxy config from gsettings.
[11591:0318/172235.474734:VERBOSE1:net/proxy_resolution/proxy_config_service_linux.cc:1307] Obtained proxy settings from annotation hash code 11258689
[11591:0318/172235.474847:VERBOSE1:components/proxy_config/pref_proxy_config_tracker_impl.cc:199] 0x37b4003ede00: set chrome proxy config service to 0x37b4000d3c20
[11591:0318/172235.488347:VERBOSE1:dbus/bus.cc:918] Method call: message_type: MESSAGE_METHOD_CALL
interface: org.freedesktop.DBus
member: GetNameOwner
signature: s

string "org.chromium.bluetooth.Manager"

[11591:0318/172235.503888:VERBOSE1:content/browser/renderer_host/media/media_stream_manager.cc:1555] MSM::InitializeMaybeAsync([this=0x37b400467580])
[11591:0318/172235.504138:VERBOSE1:content/browser/renderer_host/media/media_stream_manager.cc:1555] MDM::MediaDevicesManager()
[11591:0318/172235.504225:VERBOSE1:content/browser/renderer_host/media/media_stream_manager.cc:1555] MSM::MediaStreamManager([this=0x37b400467580]))
[11591:0318/172235.636877:VERBOSE1:components/os_crypt/sync/key_storage_util_linux.cc:46] Password storage detected desktop environment: CINNAMON
[11591:0318/172235.637052:VERBOSE1:components/os_crypt/sync/key_storage_linux.cc:116] Selected backend for OSCrypt: GNOME_LIBSECRET
[11591:0318/172235.812204:VERBOSE1:components/os_crypt/sync/key_storage_linux.cc:163] OSCrypt using Libsecret as backend.
[11591:0318/172235.947287:VERBOSE1:components/os_crypt/sync/key_storage_libsecret.cc:53] Libsecret key created: 2026-03-17 20:59:57.000000 UTC
[11591:0318/172235.949224:VERBOSE1:components/os_crypt/sync/key_storage_libsecret.cc:54] Libsecret key last modified: 2026-03-17 20:59:57.000000 UTC
[11591:0318/172235.961005:VERBOSE1:net/proxy_resolution/proxy_config_service_linux.cc:500] Will get proxy config from gsettings.
[11591:0318/172235.969364:VERBOSE1:net/proxy_resolution/proxy_config_service_linux.cc:1307] Obtained proxy settings from annotation hash code 11258689
[11591:0318/172235.969552:VERBOSE1:components/proxy_config/pref_proxy_config_tracker_impl.cc:199] 0x37b4003f1d00: set chrome proxy config service to 0x37b4000d83a0
[11591:0318/172235.981568:VERBOSE1:components/device_event_log/device_event_log_impl.cc:200] [17:22:35.981] Bluetooth: EVENT: bluetooth_api.cc:82 BluetoothAPI: 0x37b4000f0640
[11591:0318/172236.102855:VERBOSE1:dbus/bus.cc:722] Requested to remove an unknown filter function: 1 with associated data: 0x37b400e7aae0
[11591:0318/172236.111670:WARNING:electron/shell/browser/ui/accelerator_util.cc:65]  doesn't contain a valid key
[11591:0318/172236.111946:WARNING:electron/shell/browser/ui/accelerator_util.cc:65]  doesn't contain a valid key
2026-03-18 22:22:36 Checking for update using Github
[11591:0318/172236.455193:VERBOSE1:content/browser/first_party_sets/first_party_sets_handler_impl_instance.cc:277] Empty path. Failed initializing First-Party Sets database.
[11591:0318/172236.481772:VERBOSE1:base/files/file_util_posix.cc:317] Cannot stat "/home/wtyler/.config/obsidian/databases": No such file or directory (2)
[11591:0318/172236.553437:VERBOSE1:net/proxy_resolution/proxy_config_service_linux.cc:1413] Detected no-op change to proxy settings. Doing nothing.
[11591:0318/172236.553678:VERBOSE1:net/proxy_resolution/proxy_config_service_linux.cc:1413] Detected no-op change to proxy settings. Doing nothing.
[11693:0318/172236.555712:VERBOSE1:net/base/network_delegate.cc:37] NetworkDelegate::NotifyBeforeURLRequest: https://releases.obsidian.md/desktop?id=d6255d814dd40ebae6c8dbea7633bcae&v=1.12.6&p=linux
[11591:0318/172236.565061:VERBOSE1:dbus/bus.cc:918] Method call: message_type: MESSAGE_METHOD_CALL
interface: org.freedesktop.DBus
member: GetNameOwner
signature: s

string "org.freedesktop.systemd1"

[11693:0318/172236.574349:VERBOSE1:net/base/network_delegate.cc:37] NetworkDelegate::NotifyBeforeURLRequest: https://raw.githubusercontent.com/obsidianmd/obsidian-releases/master/desktop-releases.json
[11591:0318/172236.579681:VERBOSE1:electron/shell/browser/ui/file_dialog_linux_portal.cc:114] Unable to parse --xdg-portal-required-version
[11591:0318/172236.580806:VERBOSE1:dbus/bus.cc:918] Method call: message_type: MESSAGE_METHOD_CALL
interface: org.freedesktop.DBus
member: GetNameOwner
signature: s

string "org.freedesktop.portal.Desktop"

[11591:0318/172236.600613:VERBOSE1:electron/shell/browser/ui/file_dialog_linux_portal.cc:95] File chooser portal available: yes
[11591:0318/172236.600742:VERBOSE1:dbus/bus.cc:722] Requested to remove an unknown filter function: 1 with associated data: 0x37b4000cc000
[11591:0318/172236.600787:VERBOSE1:dbus/bus.cc:722] Requested to remove an unknown filter function: 1 with associated data: 0x37b401bf8c40
[11705:0318/172236.841499:INFO:third_party/webrtc/rtc_base/cpu_info.cc:75] Available number of cores: 4
[11689:0318/172237.308229:WARNING:sandbox/policy/linux/sandbox_linux.cc:404] InitializeSandbox() called with multiple threads in process gpu-process.
[11689:0318/172237.323672:VERBOSE1:components/viz/service/main/viz_main_impl.cc:86] VizNullHypothesis is disabled (not a warning)
[11693:0318/172238.411171:VERBOSE1:base/files/file_util_posix.cc:317] Cannot stat "/home/wtyler/.config/obsidian/Cache/Cache_Data/7c00ae1469a45d0e_1": No such file or directory (2)
[11693:0318/172238.414192:VERBOSE1:base/files/file_util_posix.cc:317] Cannot stat "/home/wtyler/.config/obsidian/Cache/Cache_Data/7c00ae1469a45d0e_s": No such file or directory (2)
[11705:0318/172238.560309:VERBOSE1:extensions/renderer/script_context.cc:150] Created context:
  extension id:           (none)
  frame:                  0xfb40044fd70
  URL:                    
  context_type:           WEB_PAGE
  effective extension id: (none)
  effective context type: WEB_PAGE
[11705:0318/172238.573467:VERBOSE1:extensions/renderer/script_context.cc:150] Created context:
  extension id:           (none)
  frame:                  (nil)
  URL:                    
  context_type:           UNSPECIFIED
  effective extension id: (none)
  effective context type: UNSPECIFIED
[11705:0318/172238.574131:VERBOSE1:extensions/renderer/dispatcher.cc:578] Num tracked contexts: 1
2026-03-18 22:22:40 Success.
2026-03-18 22:22:40 Latest version is 1.12.6 (insider)
2026-03-18 22:22:40 App is up to date.
[11591:0318/172240.802795:ERROR:base/nix/mime_util_xdg.cc:139] Invalid mime.cache file does not contain null prior to ALIAS_LIST_OFFSET=44
[11591:0318/172241.216777:INFO:CONSOLE:1] "%cObsidian Developer Console color:#7f6df2; font-size:40px; font-weight:bold;", source: app://obsidian.md/app.js (1)
[11591:0318/172246.025993:INFO:CONSOLE:20478] "Dataview: version 0.5.68 (requires obsidian 0.13.11)", source: plugin:dataview (20478)
[11591:0318/172246.967906:INFO:CONSOLE:188] "Language in Obsidian settings: 'en'; requesting Tasks in 'en'.", source: plugin:obsidian-tasks-plugin (188)
[11591:0318/172247.005589:INFO:CONSOLE:236] "[2026-03-18-17:22:46.998][info][tasks] Loading plugin: Tasks v7.23.1 ", source: plugin:obsidian-tasks-plugin (236)
[11591:0318/172248.109626:INFO:CONSOLE:1] "Plugin failure: obsidian-projects Error: Missing settings version", source: app://obsidian.md/app.js (1)
[11591:0318/172248.341427:INFO:CONSOLE:6483] "loading iconize", source: plugin:obsidian-icon-folder (6483)
[11591:0318/172253.554192:INFO:CONSOLE:28] "Loading Banners...", source: plugin:obsidian-banners (28)
[11591:0318/172253.650426:INFO:CONSOLE:1266] "Supercharged links loaded", source: plugin:supercharged-links-obsidian (1266)
[11591:0318/172254.721769:INFO:CONSOLE:76] "QuickAdd: (LOG) No migrations to run.", source: plugin:quickadd (76)
[11591:0318/172255.061121:INFO:CONSOLE:43] "loading BRAT", source: plugin:obsidian42-brat (43)
[11591:0318/172257.298251:INFO:CONSOLE:184] "meta-bind | Main >> loading", source: plugin:obsidian-meta-bind-plugin (184)
[11591:0318/172257.299448:INFO:CONSOLE:184] "meta-bind | Main >> loading settings", source: plugin:obsidian-meta-bind-plugin (184)
[11591:0318/172257.377076:INFO:CONSOLE:184] "meta-bind | Main >> load-time: 78.4951171875 ms", source: plugin:obsidian-meta-bind-plugin (184)
[11693:0318/172257.422738:VERBOSE1:net/base/network_delegate.cc:37] NetworkDelegate::NotifyBeforeURLRequest: https://raw.githubusercontent.com/obsidianmd/obsidian-releases/HEAD/community-plugin-deprecation.json
[11591:0318/173342.032854:VERBOSE1:electron/shell/browser/electron_browser_main_parts_posix.cc:145] Handling shutdown for signal 15.
[11591:0318/173342.170394:ERROR:content/browser/network_service_instance_impl.cc:613] Network service crashed, restarting service.
[11591:0318/173342.209800:ERROR:content/common/zygote/zygote_communication_linux.cc:293] Failed to send GetTerminationStatus message to zygote
[11591:0318/173342.209959:WARNING:content/common/zygote/zygote_communication_linux.cc:305] Socket closed prematurely.
[11591:0318/173342.222800:ERROR:content/browser/gpu/gpu_process_host.cc:993] GPU process launch failed: error_code=1002
[11591:0318/173342.222953:WARNING:content/browser/gpu/gpu_process_host.cc:1441] The GPU process has crashed 1 time(s)
[11591:0318/173342.227811:ERROR:content/browser/gpu/gpu_process_host.cc:993] GPU process launch failed: error_code=1002
[11591:0318/173342.227933:WARNING:content/browser/gpu/gpu_process_host.cc:1441] The GPU process has crashed 2 time(s)
[11591:0318/173342.231693:ERROR:content/browser/gpu/gpu_process_host.cc:993] GPU process launch failed: error_code=1002
[11591:0318/173342.231808:WARNING:content/browser/gpu/gpu_process_host.cc:1441] The GPU process has crashed 3 time(s)
[11591:0318/173342.235502:ERROR:content/browser/gpu/gpu_process_host.cc:993] GPU process launch failed: error_code=1002
[11591:0318/173342.235625:WARNING:content/browser/gpu/gpu_process_host.cc:1441] The GPU process has crashed 4 time(s)
[11591:0318/173342.239242:ERROR:content/browser/gpu/gpu_process_host.cc:993] GPU process launch failed: error_code=1002
[11591:0318/173342.239353:WARNING:content/browser/gpu/gpu_process_host.cc:1441] The GPU process has crashed 5 time(s)
[11591:0318/173342.242585:ERROR:content/browser/gpu/gpu_process_host.cc:993] GPU process launch failed: error_code=1002
[11591:0318/173342.242692:WARNING:content/browser/gpu/gpu_process_host.cc:1441] The GPU process has crashed 6 time(s)
[11591:0318/173342.246575:ERROR:content/browser/gpu/gpu_process_host.cc:993] GPU process launch failed: error_code=1002
[11591:0318/173342.246687:WARNING:content/browser/gpu/gpu_process_host.cc:1441] The GPU process has crashed 7 time(s)
[11591:0318/173342.250199:ERROR:content/browser/gpu/gpu_process_host.cc:993] GPU process launch failed: error_code=1002
[11591:0318/173342.250305:WARNING:content/browser/gpu/gpu_process_host.cc:1441] The GPU process has crashed 8 time(s)
[11591:0318/173342.253869:ERROR:content/browser/gpu/gpu_process_host.cc:993] GPU process launch failed: error_code=1002
[11591:0318/173342.254007:WARNING:content/browser/gpu/gpu_process_host.cc:1441] The GPU process has crashed 9 time(s)
[11591:0318/173342.254065:FATAL:content/browser/gpu/gpu_data_manager_impl_private.cc:415] GPU process isn't usable. Goodbye.
